  Camera.cpp
C:\Users\casper.bengtsson3\Documents\GitHub\GameEngine\SHYENGINE\SHYENGINE\GraphicsEngine\Camera.cpp(1): warning C4603: '_USE_MATH_DEFINES': macro is not defined or definition is different after precompiled header use
C:\Users\casper.bengtsson3\Documents\GitHub\GameEngine\SHYENGINE\SHYENGINE\GraphicsEngine\Camera.cpp(1): message : Add macro to precompiled header instead of defining here
C:\Users\casper.bengtsson3\Documents\GitHub\GameEngine\SHYENGINE\SHYENGINE\GraphicsEngine\Camera.cpp(3): message : use of precompiled header
C:\Users\casper.bengtsson3\Documents\GitHub\GameEngine\SHYENGINE\SHYENGINE\GraphicsEngine\Math\Matrix\Vector4.hpp(60,3): warning C4002: too many arguments for function-like macro invocation 'assert'
C:\Users\casper.bengtsson3\Documents\GitHub\GameEngine\SHYENGINE\SHYENGINE\GraphicsEngine\Math\Matrix\Vector4.hpp(90,3): warning C4002: too many arguments for function-like macro invocation 'assert'
C:\Users\casper.bengtsson3\Documents\GitHub\GameEngine\SHYENGINE\SHYENGINE\GraphicsEngine\Math\Matrix\Vector4.hpp(127,3): warning C4002: too many arguments for function-like macro invocation 'assert'
C:\Users\casper.bengtsson3\Documents\GitHub\GameEngine\SHYENGINE\SHYENGINE\GraphicsEngine\Math\Matrix\Vector4.hpp(135,3): warning C4002: too many arguments for function-like macro invocation 'assert'
C:\Users\casper.bengtsson3\Documents\GitHub\GameEngine\SHYENGINE\SHYENGINE\GraphicsEngine\Math\Matrix\Vector2.hpp(58,3): warning C4002: too many arguments for function-like macro invocation 'assert'
C:\Users\casper.bengtsson3\Documents\GitHub\GameEngine\SHYENGINE\SHYENGINE\GraphicsEngine\Math\Matrix\Vector2.hpp(82,3): warning C4002: too many arguments for function-like macro invocation 'assert'
C:\Users\casper.bengtsson3\Documents\GitHub\GameEngine\SHYENGINE\SHYENGINE\GraphicsEngine\Math\Matrix\Vector2.hpp(113,3): warning C4002: too many arguments for function-like macro invocation 'assert'
C:\Users\casper.bengtsson3\Documents\GitHub\GameEngine\SHYENGINE\SHYENGINE\GraphicsEngine\Math\Matrix\Vector2.hpp(121,3): warning C4002: too many arguments for function-like macro invocation 'assert'
C:\Users\casper.bengtsson3\Documents\GitHub\GameEngine\SHYENGINE\SHYENGINE\GraphicsEngine\Math\Matrix\Vector3.hpp(61,3): warning C4002: too many arguments for function-like macro invocation 'assert'
C:\Users\casper.bengtsson3\Documents\GitHub\GameEngine\SHYENGINE\SHYENGINE\GraphicsEngine\Math\Matrix\Vector3.hpp(88,3): warning C4002: too many arguments for function-like macro invocation 'assert'
C:\Users\casper.bengtsson3\Documents\GitHub\GameEngine\SHYENGINE\SHYENGINE\GraphicsEngine\Math\Matrix\Vector3.hpp(122,3): warning C4002: too many arguments for function-like macro invocation 'assert'
C:\Users\casper.bengtsson3\Documents\GitHub\GameEngine\SHYENGINE\SHYENGINE\GraphicsEngine\Math\Matrix\Vector3.hpp(130,3): warning C4002: too many arguments for function-like macro invocation 'assert'
C:\Users\casper.bengtsson3\Documents\GitHub\GameEngine\SHYENGINE\SHYENGINE\GraphicsEngine\Camera.cpp(15,39): warning C4244: 'initializing': conversion from 'double' to 'float', possible loss of data
C:\Users\casper.bengtsson3\Documents\GitHub\GameEngine\SHYENGINE\SHYENGINE\GraphicsEngine\Camera.cpp(15,22): warning C4244: 'initializing': conversion from 'double' to 'const float', possible loss of data
  ForwardRenderer.cpp
C:\Users\casper.bengtsson3\Documents\GitHub\GameEngine\SHYENGINE\SHYENGINE\GraphicsEngine\Math\Matrix\Vector4.hpp(60,3): warning C4002: too many arguments for function-like macro invocation 'assert'
C:\Users\casper.bengtsson3\Documents\GitHub\GameEngine\SHYENGINE\SHYENGINE\GraphicsEngine\Math\Matrix\Vector4.hpp(90,3): warning C4002: too many arguments for function-like macro invocation 'assert'
C:\Users\casper.bengtsson3\Documents\GitHub\GameEngine\SHYENGINE\SHYENGINE\GraphicsEngine\Math\Matrix\Vector4.hpp(127,3): warning C4002: too many arguments for function-like macro invocation 'assert'
C:\Users\casper.bengtsson3\Documents\GitHub\GameEngine\SHYENGINE\SHYENGINE\GraphicsEngine\Math\Matrix\Vector4.hpp(135,3): warning C4002: too many arguments for function-like macro invocation 'assert'
C:\Users\casper.bengtsson3\Documents\GitHub\GameEngine\SHYENGINE\SHYENGINE\GraphicsEngine\Math\Matrix\Vector2.hpp(58,3): warning C4002: too many arguments for function-like macro invocation 'assert'
C:\Users\casper.bengtsson3\Documents\GitHub\GameEngine\SHYENGINE\SHYENGINE\GraphicsEngine\Math\Matrix\Vector2.hpp(82,3): warning C4002: too many arguments for function-like macro invocation 'assert'
C:\Users\casper.bengtsson3\Documents\GitHub\GameEngine\SHYENGINE\SHYENGINE\GraphicsEngine\Math\Matrix\Vector2.hpp(113,3): warning C4002: too many arguments for function-like macro invocation 'assert'
C:\Users\casper.bengtsson3\Documents\GitHub\GameEngine\SHYENGINE\SHYENGINE\GraphicsEngine\Math\Matrix\Vector2.hpp(121,3): warning C4002: too many arguments for function-like macro invocation 'assert'
C:\Users\casper.bengtsson3\Documents\GitHub\GameEngine\SHYENGINE\SHYENGINE\GraphicsEngine\Math\Matrix\Vector3.hpp(61,3): warning C4002: too many arguments for function-like macro invocation 'assert'
C:\Users\casper.bengtsson3\Documents\GitHub\GameEngine\SHYENGINE\SHYENGINE\GraphicsEngine\Math\Matrix\Vector3.hpp(88,3): warning C4002: too many arguments for function-like macro invocation 'assert'
C:\Users\casper.bengtsson3\Documents\GitHub\GameEngine\SHYENGINE\SHYENGINE\GraphicsEngine\Math\Matrix\Vector3.hpp(122,3): warning C4002: too many arguments for function-like macro invocation 'assert'
C:\Users\casper.bengtsson3\Documents\GitHub\GameEngine\SHYENGINE\SHYENGINE\GraphicsEngine\Math\Matrix\Vector3.hpp(130,3): warning C4002: too many arguments for function-like macro invocation 'assert'
C:\Users\casper.bengtsson3\Documents\GitHub\GameEngine\SHYENGINE\SHYENGINE\GraphicsEngine\ForwardRenderer.cpp(67,58): warning C4267: 'argument': conversion from 'size_t' to 'unsigned int', possible loss of data
  GraphicsEngine.cpp
C:\Users\casper.bengtsson3\Documents\GitHub\GameEngine\SHYENGINE\SHYENGINE\GraphicsEngine\Math\Matrix\Vector4.hpp(60,3): warning C4002: too many arguments for function-like macro invocation 'assert'
C:\Users\casper.bengtsson3\Documents\GitHub\GameEngine\SHYENGINE\SHYENGINE\GraphicsEngine\Math\Matrix\Vector4.hpp(90,3): warning C4002: too many arguments for function-like macro invocation 'assert'
C:\Users\casper.bengtsson3\Documents\GitHub\GameEngine\SHYENGINE\SHYENGINE\GraphicsEngine\Math\Matrix\Vector4.hpp(127,3): warning C4002: too many arguments for function-like macro invocation 'assert'
C:\Users\casper.bengtsson3\Documents\GitHub\GameEngine\SHYENGINE\SHYENGINE\GraphicsEngine\Math\Matrix\Vector4.hpp(135,3): warning C4002: too many arguments for function-like macro invocation 'assert'
C:\Users\casper.bengtsson3\Documents\GitHub\GameEngine\SHYENGINE\SHYENGINE\GraphicsEngine\Math\Matrix\Vector2.hpp(58,3): warning C4002: too many arguments for function-like macro invocation 'assert'
C:\Users\casper.bengtsson3\Documents\GitHub\GameEngine\SHYENGINE\SHYENGINE\GraphicsEngine\Math\Matrix\Vector2.hpp(82,3): warning C4002: too many arguments for function-like macro invocation 'assert'
C:\Users\casper.bengtsson3\Documents\GitHub\GameEngine\SHYENGINE\SHYENGINE\GraphicsEngine\Math\Matrix\Vector2.hpp(113,3): warning C4002: too many arguments for function-like macro invocation 'assert'
C:\Users\casper.bengtsson3\Documents\GitHub\GameEngine\SHYENGINE\SHYENGINE\GraphicsEngine\Math\Matrix\Vector2.hpp(121,3): warning C4002: too many arguments for function-like macro invocation 'assert'
C:\Users\casper.bengtsson3\Documents\GitHub\GameEngine\SHYENGINE\SHYENGINE\GraphicsEngine\Math\Matrix\Vector3.hpp(61,3): warning C4002: too many arguments for function-like macro invocation 'assert'
C:\Users\casper.bengtsson3\Documents\GitHub\GameEngine\SHYENGINE\SHYENGINE\GraphicsEngine\Math\Matrix\Vector3.hpp(88,3): warning C4002: too many arguments for function-like macro invocation 'assert'
C:\Users\casper.bengtsson3\Documents\GitHub\GameEngine\SHYENGINE\SHYENGINE\GraphicsEngine\Math\Matrix\Vector3.hpp(122,3): warning C4002: too many arguments for function-like macro invocation 'assert'
C:\Users\casper.bengtsson3\Documents\GitHub\GameEngine\SHYENGINE\SHYENGINE\GraphicsEngine\Math\Matrix\Vector3.hpp(130,3): warning C4002: too many arguments for function-like macro invocation 'assert'
  Model.cpp
C:\Users\casper.bengtsson3\Documents\GitHub\GameEngine\SHYENGINE\SHYENGINE\GraphicsEngine\Math\Matrix\Vector2.hpp(58,3): warning C4002: too many arguments for function-like macro invocation 'assert'
C:\Users\casper.bengtsson3\Documents\GitHub\GameEngine\SHYENGINE\SHYENGINE\GraphicsEngine\Math\Matrix\Vector2.hpp(82,3): warning C4002: too many arguments for function-like macro invocation 'assert'
C:\Users\casper.bengtsson3\Documents\GitHub\GameEngine\SHYENGINE\SHYENGINE\GraphicsEngine\Math\Matrix\Vector2.hpp(113,3): warning C4002: too many arguments for function-like macro invocation 'assert'
C:\Users\casper.bengtsson3\Documents\GitHub\GameEngine\SHYENGINE\SHYENGINE\GraphicsEngine\Math\Matrix\Vector2.hpp(121,3): warning C4002: too many arguments for function-like macro invocation 'assert'
C:\Users\casper.bengtsson3\Documents\GitHub\GameEngine\SHYENGINE\SHYENGINE\GraphicsEngine\Math\Matrix\Vector3.hpp(61,3): warning C4002: too many arguments for function-like macro invocation 'assert'
C:\Users\casper.bengtsson3\Documents\GitHub\GameEngine\SHYENGINE\SHYENGINE\GraphicsEngine\Math\Matrix\Vector3.hpp(88,3): warning C4002: too many arguments for function-like macro invocation 'assert'
C:\Users\casper.bengtsson3\Documents\GitHub\GameEngine\SHYENGINE\SHYENGINE\GraphicsEngine\Math\Matrix\Vector3.hpp(122,3): warning C4002: too many arguments for function-like macro invocation 'assert'
C:\Users\casper.bengtsson3\Documents\GitHub\GameEngine\SHYENGINE\SHYENGINE\GraphicsEngine\Math\Matrix\Vector3.hpp(130,3): warning C4002: too many arguments for function-like macro invocation 'assert'
C:\Users\casper.bengtsson3\Documents\GitHub\GameEngine\SHYENGINE\SHYENGINE\GraphicsEngine\Math\Matrix\Vector4.hpp(60,3): warning C4002: too many arguments for function-like macro invocation 'assert'
C:\Users\casper.bengtsson3\Documents\GitHub\GameEngine\SHYENGINE\SHYENGINE\GraphicsEngine\Math\Matrix\Vector4.hpp(90,3): warning C4002: too many arguments for function-like macro invocation 'assert'
C:\Users\casper.bengtsson3\Documents\GitHub\GameEngine\SHYENGINE\SHYENGINE\GraphicsEngine\Math\Matrix\Vector4.hpp(127,3): warning C4002: too many arguments for function-like macro invocation 'assert'
C:\Users\casper.bengtsson3\Documents\GitHub\GameEngine\SHYENGINE\SHYENGINE\GraphicsEngine\Math\Matrix\Vector4.hpp(135,3): warning C4002: too many arguments for function-like macro invocation 'assert'
  ModelAssetHandler.cpp
C:\Users\casper.bengtsson3\Documents\GitHub\GameEngine\SHYENGINE\SHYENGINE\GraphicsEngine\Math\Matrix\Vector2.hpp(58,3): warning C4002: too many arguments for function-like macro invocation 'assert'
C:\Users\casper.bengtsson3\Documents\GitHub\GameEngine\SHYENGINE\SHYENGINE\GraphicsEngine\Math\Matrix\Vector2.hpp(82,3): warning C4002: too many arguments for function-like macro invocation 'assert'
C:\Users\casper.bengtsson3\Documents\GitHub\GameEngine\SHYENGINE\SHYENGINE\GraphicsEngine\Math\Matrix\Vector2.hpp(113,3): warning C4002: too many arguments for function-like macro invocation 'assert'
C:\Users\casper.bengtsson3\Documents\GitHub\GameEngine\SHYENGINE\SHYENGINE\GraphicsEngine\Math\Matrix\Vector2.hpp(121,3): warning C4002: too many arguments for function-like macro invocation 'assert'
C:\Users\casper.bengtsson3\Documents\GitHub\GameEngine\SHYENGINE\SHYENGINE\GraphicsEngine\Math\Matrix\Vector3.hpp(61,3): warning C4002: too many arguments for function-like macro invocation 'assert'
C:\Users\casper.bengtsson3\Documents\GitHub\GameEngine\SHYENGINE\SHYENGINE\GraphicsEngine\Math\Matrix\Vector3.hpp(88,3): warning C4002: too many arguments for function-like macro invocation 'assert'
C:\Users\casper.bengtsson3\Documents\GitHub\GameEngine\SHYENGINE\SHYENGINE\GraphicsEngine\Math\Matrix\Vector3.hpp(122,3): warning C4002: too many arguments for function-like macro invocation 'assert'
C:\Users\casper.bengtsson3\Documents\GitHub\GameEngine\SHYENGINE\SHYENGINE\GraphicsEngine\Math\Matrix\Vector3.hpp(130,3): warning C4002: too many arguments for function-like macro invocation 'assert'
C:\Users\casper.bengtsson3\Documents\GitHub\GameEngine\SHYENGINE\SHYENGINE\GraphicsEngine\Math\Matrix\Vector4.hpp(60,3): warning C4002: too many arguments for function-like macro invocation 'assert'
C:\Users\casper.bengtsson3\Documents\GitHub\GameEngine\SHYENGINE\SHYENGINE\GraphicsEngine\Math\Matrix\Vector4.hpp(90,3): warning C4002: too many arguments for function-like macro invocation 'assert'
C:\Users\casper.bengtsson3\Documents\GitHub\GameEngine\SHYENGINE\SHYENGINE\GraphicsEngine\Math\Matrix\Vector4.hpp(127,3): warning C4002: too many arguments for function-like macro invocation 'assert'
C:\Users\casper.bengtsson3\Documents\GitHub\GameEngine\SHYENGINE\SHYENGINE\GraphicsEngine\Math\Matrix\Vector4.hpp(135,3): warning C4002: too many arguments for function-like macro invocation 'assert'
C:\Users\casper.bengtsson3\Documents\GitHub\GameEngine\SHYENGINE\SHYENGINE\GraphicsEngine\ModelAssetHandler.cpp(156,77): error C2679: binary '=': no operator found which takes a right-hand operand of type 'TGA::Matrix' (or there is no acceptable conversion)
C:\Users\casper.bengtsson3\Documents\GitHub\GameEngine\SHYENGINE\SHYENGINE\GraphicsEngine\Math\Matrix\Matrix4x4.hpp(15,16): message : could be 'CommonUtilities::Matrix4x4<float> CommonUtilities::Matrix4x4<float>::operator =(const CommonUtilities::Matrix4x4<float> &)'
C:\Users\casper.bengtsson3\Documents\GitHub\GameEngine\SHYENGINE\SHYENGINE\GraphicsEngine\ModelAssetHandler.cpp(156,77): message : while trying to match the argument list '(Matrix4x4f, TGA::Matrix)'
C:\Users\casper.bengtsson3\Documents\GitHub\GameEngine\SHYENGINE\SHYENGINE\GraphicsEngine\ModelAssetHandler.cpp(339,36): warning C4244: '=': conversion from 'double' to 'float', possible loss of data
C:\Users\casper.bengtsson3\Documents\GitHub\GameEngine\SHYENGINE\SHYENGINE\GraphicsEngine\ModelAssetHandler.cpp(346,82): error C2679: binary '=': no operator found which takes a right-hand operand of type 'std::vector<TGA::Matrix,std::allocator<TGA::Matrix>>' (or there is no acceptable conversion)
C:\Program Files\Microsoft Visual Studio\2022\Community\VC\Tools\MSVC\14.32.31326\include\vector(1350,26): message : could be 'std::vector<Matrix4x4f,std::allocator<Matrix4x4f>> &std::vector<Matrix4x4f,std::allocator<Matrix4x4f>>::operator =(std::initializer_list<_Ty>)'
          with
          [
              _Ty=Matrix4x4f
          ]
C:\Program Files\Microsoft Visual Studio\2022\Community\VC\Tools\MSVC\14.32.31326\include\vector(1329,26): message : or       'std::vector<Matrix4x4f,std::allocator<Matrix4x4f>> &std::vector<Matrix4x4f,std::allocator<Matrix4x4f>>::operator =(const std::vector<Matrix4x4f,std::allocator<Matrix4x4f>> &)'
C:\Program Files\Microsoft Visual Studio\2022\Community\VC\Tools\MSVC\14.32.31326\include\vector(759,26): message : or       'std::vector<Matrix4x4f,std::allocator<Matrix4x4f>> &std::vector<Matrix4x4f,std::allocator<Matrix4x4f>>::operator =(std::vector<Matrix4x4f,std::allocator<Matrix4x4f>> &&) noexcept(<expr>)'
C:\Users\casper.bengtsson3\Documents\GitHub\GameEngine\SHYENGINE\SHYENGINE\GraphicsEngine\ModelAssetHandler.cpp(346,82): message : while trying to match the argument list '(std::vector<Matrix4x4f,std::allocator<Matrix4x4f>>, std::vector<TGA::Matrix,std::allocator<TGA::Matrix>>)'
  ModelInstance.cpp
C:\Users\casper.bengtsson3\Documents\GitHub\GameEngine\SHYENGINE\SHYENGINE\GraphicsEngine\Math\Matrix\Vector2.hpp(58,3): warning C4002: too many arguments for function-like macro invocation 'assert'
C:\Users\casper.bengtsson3\Documents\GitHub\GameEngine\SHYENGINE\SHYENGINE\GraphicsEngine\Math\Matrix\Vector2.hpp(82,3): warning C4002: too many arguments for function-like macro invocation 'assert'
C:\Users\casper.bengtsson3\Documents\GitHub\GameEngine\SHYENGINE\SHYENGINE\GraphicsEngine\Math\Matrix\Vector2.hpp(113,3): warning C4002: too many arguments for function-like macro invocation 'assert'
C:\Users\casper.bengtsson3\Documents\GitHub\GameEngine\SHYENGINE\SHYENGINE\GraphicsEngine\Math\Matrix\Vector2.hpp(121,3): warning C4002: too many arguments for function-like macro invocation 'assert'
C:\Users\casper.bengtsson3\Documents\GitHub\GameEngine\SHYENGINE\SHYENGINE\GraphicsEngine\Math\Matrix\Vector3.hpp(61,3): warning C4002: too many arguments for function-like macro invocation 'assert'
C:\Users\casper.bengtsson3\Documents\GitHub\GameEngine\SHYENGINE\SHYENGINE\GraphicsEngine\Math\Matrix\Vector3.hpp(88,3): warning C4002: too many arguments for function-like macro invocation 'assert'
C:\Users\casper.bengtsson3\Documents\GitHub\GameEngine\SHYENGINE\SHYENGINE\GraphicsEngine\Math\Matrix\Vector3.hpp(122,3): warning C4002: too many arguments for function-like macro invocation 'assert'
C:\Users\casper.bengtsson3\Documents\GitHub\GameEngine\SHYENGINE\SHYENGINE\GraphicsEngine\Math\Matrix\Vector3.hpp(130,3): warning C4002: too many arguments for function-like macro invocation 'assert'
C:\Users\casper.bengtsson3\Documents\GitHub\GameEngine\SHYENGINE\SHYENGINE\GraphicsEngine\Math\Matrix\Vector4.hpp(60,3): warning C4002: too many arguments for function-like macro invocation 'assert'
C:\Users\casper.bengtsson3\Documents\GitHub\GameEngine\SHYENGINE\SHYENGINE\GraphicsEngine\Math\Matrix\Vector4.hpp(90,3): warning C4002: too many arguments for function-like macro invocation 'assert'
C:\Users\casper.bengtsson3\Documents\GitHub\GameEngine\SHYENGINE\SHYENGINE\GraphicsEngine\Math\Matrix\Vector4.hpp(127,3): warning C4002: too many arguments for function-like macro invocation 'assert'
C:\Users\casper.bengtsson3\Documents\GitHub\GameEngine\SHYENGINE\SHYENGINE\GraphicsEngine\Math\Matrix\Vector4.hpp(135,3): warning C4002: too many arguments for function-like macro invocation 'assert'
  Scene.cpp
C:\Users\casper.bengtsson3\Documents\GitHub\GameEngine\SHYENGINE\SHYENGINE\GraphicsEngine\Math\Matrix\Vector4.hpp(60,3): warning C4002: too many arguments for function-like macro invocation 'assert'
C:\Users\casper.bengtsson3\Documents\GitHub\GameEngine\SHYENGINE\SHYENGINE\GraphicsEngine\Math\Matrix\Vector4.hpp(90,3): warning C4002: too many arguments for function-like macro invocation 'assert'
C:\Users\casper.bengtsson3\Documents\GitHub\GameEngine\SHYENGINE\SHYENGINE\GraphicsEngine\Math\Matrix\Vector4.hpp(127,3): warning C4002: too many arguments for function-like macro invocation 'assert'
C:\Users\casper.bengtsson3\Documents\GitHub\GameEngine\SHYENGINE\SHYENGINE\GraphicsEngine\Math\Matrix\Vector4.hpp(135,3): warning C4002: too many arguments for function-like macro invocation 'assert'
C:\Users\casper.bengtsson3\Documents\GitHub\GameEngine\SHYENGINE\SHYENGINE\GraphicsEngine\Math\Matrix\Vector2.hpp(58,3): warning C4002: too many arguments for function-like macro invocation 'assert'
C:\Users\casper.bengtsson3\Documents\GitHub\GameEngine\SHYENGINE\SHYENGINE\GraphicsEngine\Math\Matrix\Vector2.hpp(82,3): warning C4002: too many arguments for function-like macro invocation 'assert'
C:\Users\casper.bengtsson3\Documents\GitHub\GameEngine\SHYENGINE\SHYENGINE\GraphicsEngine\Math\Matrix\Vector2.hpp(113,3): warning C4002: too many arguments for function-like macro invocation 'assert'
C:\Users\casper.bengtsson3\Documents\GitHub\GameEngine\SHYENGINE\SHYENGINE\GraphicsEngine\Math\Matrix\Vector2.hpp(121,3): warning C4002: too many arguments for function-like macro invocation 'assert'
C:\Users\casper.bengtsson3\Documents\GitHub\GameEngine\SHYENGINE\SHYENGINE\GraphicsEngine\Math\Matrix\Vector3.hpp(61,3): warning C4002: too many arguments for function-like macro invocation 'assert'
C:\Users\casper.bengtsson3\Documents\GitHub\GameEngine\SHYENGINE\SHYENGINE\GraphicsEngine\Math\Matrix\Vector3.hpp(88,3): warning C4002: too many arguments for function-like macro invocation 'assert'
C:\Users\casper.bengtsson3\Documents\GitHub\GameEngine\SHYENGINE\SHYENGINE\GraphicsEngine\Math\Matrix\Vector3.hpp(122,3): warning C4002: too many arguments for function-like macro invocation 'assert'
C:\Users\casper.bengtsson3\Documents\GitHub\GameEngine\SHYENGINE\SHYENGINE\GraphicsEngine\Math\Matrix\Vector3.hpp(130,3): warning C4002: too many arguments for function-like macro invocation 'assert'
  SceneObject.cpp
C:\Users\casper.bengtsson3\Documents\GitHub\GameEngine\SHYENGINE\SHYENGINE\GraphicsEngine\Math\Matrix\Vector4.hpp(60,3): warning C4002: too many arguments for function-like macro invocation 'assert'
C:\Users\casper.bengtsson3\Documents\GitHub\GameEngine\SHYENGINE\SHYENGINE\GraphicsEngine\Math\Matrix\Vector4.hpp(90,3): warning C4002: too many arguments for function-like macro invocation 'assert'
C:\Users\casper.bengtsson3\Documents\GitHub\GameEngine\SHYENGINE\SHYENGINE\GraphicsEngine\Math\Matrix\Vector4.hpp(127,3): warning C4002: too many arguments for function-like macro invocation 'assert'
C:\Users\casper.bengtsson3\Documents\GitHub\GameEngine\SHYENGINE\SHYENGINE\GraphicsEngine\Math\Matrix\Vector4.hpp(135,3): warning C4002: too many arguments for function-like macro invocation 'assert'
C:\Users\casper.bengtsson3\Documents\GitHub\GameEngine\SHYENGINE\SHYENGINE\GraphicsEngine\Math\Matrix\Vector2.hpp(58,3): warning C4002: too many arguments for function-like macro invocation 'assert'
C:\Users\casper.bengtsson3\Documents\GitHub\GameEngine\SHYENGINE\SHYENGINE\GraphicsEngine\Math\Matrix\Vector2.hpp(82,3): warning C4002: too many arguments for function-like macro invocation 'assert'
C:\Users\casper.bengtsson3\Documents\GitHub\GameEngine\SHYENGINE\SHYENGINE\GraphicsEngine\Math\Matrix\Vector2.hpp(113,3): warning C4002: too many arguments for function-like macro invocation 'assert'
C:\Users\casper.bengtsson3\Documents\GitHub\GameEngine\SHYENGINE\SHYENGINE\GraphicsEngine\Math\Matrix\Vector2.hpp(121,3): warning C4002: too many arguments for function-like macro invocation 'assert'
C:\Users\casper.bengtsson3\Documents\GitHub\GameEngine\SHYENGINE\SHYENGINE\GraphicsEngine\Math\Matrix\Vector3.hpp(61,3): warning C4002: too many arguments for function-like macro invocation 'assert'
C:\Users\casper.bengtsson3\Documents\GitHub\GameEngine\SHYENGINE\SHYENGINE\GraphicsEngine\Math\Matrix\Vector3.hpp(88,3): warning C4002: too many arguments for function-like macro invocation 'assert'
C:\Users\casper.bengtsson3\Documents\GitHub\GameEngine\SHYENGINE\SHYENGINE\GraphicsEngine\Math\Matrix\Vector3.hpp(122,3): warning C4002: too many arguments for function-like macro invocation 'assert'
C:\Users\casper.bengtsson3\Documents\GitHub\GameEngine\SHYENGINE\SHYENGINE\GraphicsEngine\Math\Matrix\Vector3.hpp(130,3): warning C4002: too many arguments for function-like macro invocation 'assert'
  Generating Code...
C:\Users\casper.bengtsson3\Documents\GitHub\GameEngine\SHYENGINE\SHYENGINE\GraphicsEngine\Skeleton.hpp(54): warning C4715: 'Skeleton::GetRoot': not all control paths return a value
