c:\users\casper.bengtsson3\documents\github\gameengine-dx11\shyengine\shyengine\intermediate\graphicsengine\debug\graphicsengine.pch
c:\users\casper.bengtsson3\documents\github\gameengine-dx11\shyengine\shyengine\lib\debug\graphicsengine.pdb
c:\users\casper.bengtsson3\documents\github\gameengine-dx11\shyengine\shyengine\lib\debug\graphicsengine.idb
c:\users\casper.bengtsson3\documents\github\gameengine-dx11\shyengine\shyengine\intermediate\graphicsengine\debug\graphicsengine.pch.obj
c:\users\casper.bengtsson3\documents\github\gameengine-dx11\shyengine\shyengine\intermediate\graphicsengine\debug\texture.obj
c:\users\casper.bengtsson3\documents\github\gameengine-dx11\shyengine\shyengine\intermediate\graphicsengine\debug\sceneobject.obj
c:\users\casper.bengtsson3\documents\github\gameengine-dx11\shyengine\shyengine\intermediate\graphicsengine\debug\scene.obj
c:\users\casper.bengtsson3\documents\github\gameengine-dx11\shyengine\shyengine\intermediate\graphicsengine\debug\particlesystem.obj
c:\users\casper.bengtsson3\documents\github\gameengine-dx11\shyengine\shyengine\intermediate\graphicsengine\debug\particleemitter.obj
c:\users\casper.bengtsson3\documents\github\gameengine-dx11\shyengine\shyengine\intermediate\graphicsengine\debug\particleassethandler.obj
c:\users\casper.bengtsson3\documents\github\gameengine-dx11\shyengine\shyengine\intermediate\graphicsengine\debug\modelinstance.obj
c:\users\casper.bengtsson3\documents\github\gameengine-dx11\shyengine\shyengine\intermediate\graphicsengine\debug\modelassethandler.obj
c:\users\casper.bengtsson3\documents\github\gameengine-dx11\shyengine\shyengine\intermediate\graphicsengine\debug\model.obj
c:\users\casper.bengtsson3\documents\github\gameengine-dx11\shyengine\shyengine\intermediate\graphicsengine\debug\material.obj
c:\users\casper.bengtsson3\documents\github\gameengine-dx11\shyengine\shyengine\intermediate\graphicsengine\debug\lightassethandler.obj
c:\users\casper.bengtsson3\documents\github\gameengine-dx11\shyengine\shyengine\intermediate\graphicsengine\debug\light.obj
c:\users\casper.bengtsson3\documents\github\gameengine-dx11\shyengine\shyengine\intermediate\graphicsengine\debug\inputhandler.obj
c:\users\casper.bengtsson3\documents\github\gameengine-dx11\shyengine\shyengine\intermediate\graphicsengine\debug\graphicsengine.obj
c:\users\casper.bengtsson3\documents\github\gameengine-dx11\shyengine\shyengine\intermediate\graphicsengine\debug\forwardrenderer.obj
c:\users\casper.bengtsson3\documents\github\gameengine-dx11\shyengine\shyengine\intermediate\graphicsengine\debug\environmentlight.obj
c:\users\casper.bengtsson3\documents\github\gameengine-dx11\shyengine\shyengine\intermediate\graphicsengine\debug\dx11.obj
c:\users\casper.bengtsson3\documents\github\gameengine-dx11\shyengine\shyengine\intermediate\graphicsengine\debug\directionallight.obj
c:\users\casper.bengtsson3\documents\github\gameengine-dx11\shyengine\shyengine\intermediate\graphicsengine\debug\ddstextureloader11.obj
c:\users\casper.bengtsson3\documents\github\gameengine-dx11\shyengine\shyengine\intermediate\graphicsengine\debug\camera.obj
c:\users\casper.bengtsson3\documents\github\gameengine-dx11\shyengine\shyengine\intermediate\graphicsengine\debug\transform.obj
c:\users\casper.bengtsson3\documents\github\gameengine-dx11\shyengine\shyengine\intermediate\graphicsengine\debug\timer.obj
c:\users\casper.bengtsson3\documents\github\gameengine-dx11\shyengine\shyengine\intermediate\graphicsengine\debug\textureassethandler.obj
c:\users\casper.bengtsson3\documents\github\gameengine-dx11\shyengine\shyengine\intermediate\graphicsengine\debug\imgui_widgets.obj
c:\users\casper.bengtsson3\documents\github\gameengine-dx11\shyengine\shyengine\intermediate\graphicsengine\debug\imgui_tables.obj
c:\users\casper.bengtsson3\documents\github\gameengine-dx11\shyengine\shyengine\intermediate\graphicsengine\debug\imgui_impl_win32.obj
c:\users\casper.bengtsson3\documents\github\gameengine-dx11\shyengine\shyengine\intermediate\graphicsengine\debug\imgui_impl_dx11.obj
c:\users\casper.bengtsson3\documents\github\gameengine-dx11\shyengine\shyengine\intermediate\graphicsengine\debug\imgui_draw.obj
c:\users\casper.bengtsson3\documents\github\gameengine-dx11\shyengine\shyengine\intermediate\graphicsengine\debug\imgui_demo.obj
c:\users\casper.bengtsson3\documents\github\gameengine-dx11\shyengine\shyengine\intermediate\graphicsengine\debug\imgui.obj
c:\users\casper.bengtsson3\documents\github\gameengine-dx11\shyengine\shyengine\bin\debug\defaultps.cso
c:\users\casper.bengtsson3\documents\github\gameengine-dx11\shyengine\shyengine\lib\debug\defaultps.cso
c:\users\casper.bengtsson3\documents\github\gameengine-dx11\shyengine\shyengine\bin\debug\defaultvs.cso
c:\users\casper.bengtsson3\documents\github\gameengine-dx11\shyengine\shyengine\lib\debug\defaultvs.cso
c:\users\casper.bengtsson3\documents\github\gameengine-dx11\shyengine\shyengine\bin\debug\particlegs.cso
c:\users\casper.bengtsson3\documents\github\gameengine-dx11\shyengine\shyengine\bin\debug\particleps.cso
c:\users\casper.bengtsson3\documents\github\gameengine-dx11\shyengine\shyengine\bin\debug\particlevs.cso
c:\users\casper.bengtsson3\documents\github\gameengine-dx11\shyengine\shyengine\bin\debug\pixelshader.cso
c:\users\casper.bengtsson3\documents\github\gameengine-dx11\shyengine\shyengine\bin\debug\vertexshader.cso
c:\users\casper.bengtsson3\documents\github\gameengine-dx11\shyengine\shyengine\lib\debug\graphicsengine.lib
c:\users\casper.bengtsson3\documents\github\gameengine-dx11\shyengine\shyengine\intermediate\graphicsengine\debug\graphicsengine.vcxproj.filelistabsolute.txt
c:\users\casper.bengtsson3\documents\github\gameengine-dx11\shyengine\shyengine\intermediate\graphicsengine\debug\graphicsengine.tlog\cl.command.1.tlog
c:\users\casper.bengtsson3\documents\github\gameengine-dx11\shyengine\shyengine\intermediate\graphicsengine\debug\graphicsengine.tlog\cl.read.1.tlog
c:\users\casper.bengtsson3\documents\github\gameengine-dx11\shyengine\shyengine\intermediate\graphicsengine\debug\graphicsengine.tlog\cl.write.1.tlog
c:\users\casper.bengtsson3\documents\github\gameengine-dx11\shyengine\shyengine\intermediate\graphicsengine\debug\graphicsengine.tlog\copyfile.command.1.tlog
c:\users\casper.bengtsson3\documents\github\gameengine-dx11\shyengine\shyengine\intermediate\graphicsengine\debug\graphicsengine.tlog\copyfile.read.1.tlog
c:\users\casper.bengtsson3\documents\github\gameengine-dx11\shyengine\shyengine\intermediate\graphicsengine\debug\graphicsengine.tlog\copyfile.write.1.tlog
c:\users\casper.bengtsson3\documents\github\gameengine-dx11\shyengine\shyengine\intermediate\graphicsengine\debug\graphicsengine.tlog\fxc.command.1.tlog
c:\users\casper.bengtsson3\documents\github\gameengine-dx11\shyengine\shyengine\intermediate\graphicsengine\debug\graphicsengine.tlog\fxc.read.1.tlog
c:\users\casper.bengtsson3\documents\github\gameengine-dx11\shyengine\shyengine\intermediate\graphicsengine\debug\graphicsengine.tlog\fxc.write.1.tlog
c:\users\casper.bengtsson3\documents\github\gameengine-dx11\shyengine\shyengine\intermediate\graphicsengine\debug\graphicsengine.tlog\lib-link.read.1.tlog
c:\users\casper.bengtsson3\documents\github\gameengine-dx11\shyengine\shyengine\intermediate\graphicsengine\debug\graphicsengine.tlog\lib-link.write.1.tlog
c:\users\casper.bengtsson3\documents\github\gameengine-dx11\shyengine\shyengine\intermediate\graphicsengine\debug\graphicsengine.tlog\lib.command.1.tlog
